proguard/seeds.txt
com.rong360.creditassitant.Application
com.rong360.creditassitant.Application: Application()
com.rong360.creditassitant.R$anim: int down_in
com.rong360.creditassitant.R$anim: int down_out
com.rong360.creditassitant.R$anim: int left_in
com.rong360.creditassitant.R$anim: int left_out
com.rong360.creditassitant.R$anim: int push_up_in
com.rong360.creditassitant.R$anim: int right_in
com.rong360.creditassitant.R$anim: int right_out
com.rong360.creditassitant.R$anim: int top_in
com.rong360.creditassitant.R$anim: int top_out
com.rong360.creditassitant.R$array: int bankCash
com.rong360.creditassitant.R$array: int car
com.rong360.creditassitant.R$array: int credit
com.rong360.creditassitant.R$array: int house
com.rong360.creditassitant.R$array: int identity
com.rong360.creditassitant.R$array: int progress
com.rong360.creditassitant.R$array: int star
com.rong360.creditassitant.R$array: int time
com.rong360.creditassitant.R$attr: int MyMovingBar
com.rong360.creditassitant.R$attr: int abstractWheelViewStyle
com.rong360.creditassitant.R$attr: int isAllVisible
com.rong360.creditassitant.R$attr: int isCyclic
com.rong360.creditassitant.R$attr: int itemOffsetPercent
com.rong360.creditassitant.R$attr: int itemsDimmedAlpha
com.rong360.creditassitant.R$attr: int itemsPadding
com.rong360.creditassitant.R$attr: int selectionDivider
com.rong360.creditassitant.R$attr: int selectionDividerActiveAlpha
com.rong360.creditassitant.R$attr: int selectionDividerDimmedAlpha
com.rong360.creditassitant.R$attr: int selectionDividerHeight
com.rong360.creditassitant.R$attr: int titleBarStyle
com.rong360.creditassitant.R$attr: int visibleItems
com.rong360.creditassitant.R$color: int bkg_color
com.rong360.creditassitant.R$color: int bkg_import
com.rong360.creditassitant.R$color: int bkg_imported
com.rong360.creditassitant.R$color: int cp_fail
com.rong360.creditassitant.R$color: int cp_potential
com.rong360.creditassitant.R$color: int cp_succeded
com.rong360.creditassitant.R$color: int cp_talked
com.rong360.creditassitant.R$color: int cp_upgraded
com.rong360.creditassitant.R$color: int customer_content
com.rong360.creditassitant.R$color: int customer_label
com.rong360.creditassitant.R$color: int follow_text_normal
com.rong360.creditassitant.R$color: int green
com.rong360.creditassitant.R$color: int grey
com.rong360.creditassitant.R$color: int level
com.rong360.creditassitant.R$color: int phone
com.rong360.creditassitant.R$color: int search
com.rong360.creditassitant.R$color: int text_black
com.rong360.creditassitant.R$color: int text_fail
com.rong360.creditassitant.R$color: int text_grey
com.rong360.creditassitant.R$color: int text_label
com.rong360.creditassitant.R$color: int text_potential
com.rong360.creditassitant.R$color: int text_succeed
com.rong360.creditassitant.R$color: int text_talked
com.rong360.creditassitant.R$color: int text_upgraded
com.rong360.creditassitant.R$color: int time
com.rong360.creditassitant.R$color: int translucent_background
...
android.support.v4.app.BackStackState
android.support.v4.app.BackStackState: android.os.Parcelable$Creator CREATOR
android.support.v4.app.Fragment$SavedState
android.support.v4.app.Fragment$SavedState: android.os.Parcelable$Creator CREATOR
android.support.v4.app.FragmentActivity: FragmentActivity()
android.support.v4.app.FragmentManagerState
android.support.v4.app.FragmentManagerState: android.os.Parcelable$Creator CREATOR
android.support.v4.app.FragmentState
android.support.v4.app.FragmentState: android.os.Parcelable$Creator CREATOR
android.support.v4.app.FragmentTabHost: void setOnTabChangedListener(android.widget.TabHost$OnTabChangeListener)
android.support.v4.app.FragmentTabHost$SavedState
android.support.v4.app.FragmentTabHost$SavedState: android.os.Parcelable$Creator CREATOR
android.support.v4.content.ModernAsyncTask$Status: android.support.v4.content.ModernAsyncTask$Status[] values()
android.support.v4.content.ModernAsyncTask$Status: android.support.v4.content.ModernAsyncTask$Status valueOf(java.lang.String)
android.support.v4.view.PagerTabStrip: void setTabIndicatorColor(int)
android.support.v4.view.PagerTabStrip: void setTabIndicatorColorResource(int)
android.support.v4.view.PagerTabStrip: int getTabIndicatorColor()
android.support.v4.view.PagerTabStrip: void setTextSpacing(int)
android.support.v4.view.PagerTabStrip: void setBackgroundDrawable(android.graphics.drawable.Drawable)
android.support.v4.view.PagerTabStrip: void setBackgroundColor(int)
android.support.v4.view.PagerTabStrip: void setBackgroundResource(int)
android.support.v4.view.PagerTabStrip: void setDrawFullUnderline(boolean)
android.support.v4.view.PagerTabStrip: boolean getDrawFullUnderline()
android.support.v4.view.PagerTabStrip: int getMinHeight()
android.support.v4.view.PagerTitleStrip: void setSingleLineAllCaps(android.widget.TextView)
android.support.v4.view.PagerTitleStrip: void setTextSpacing(int)
android.support.v4.view.PagerTitleStrip: int getTextSpacing()
android.support.v4.view.PagerTitleStrip: void setNonPrimaryAlpha(float)
android.support.v4.view.PagerTitleStrip: void setTextColor(int)
android.support.v4.view.PagerTitleStrip: void setGravity(int)
android.support.v4.view.PagerTitleStrip: int getMinHeight()
android.support.v4.view.ViewPager: void setScrollState(int)
android.support.v4.view.ViewPager: void setAdapter(android.support.v4.view.PagerAdapter)
android.support.v4.view.ViewPager: android.support.v4.view.PagerAdapter getAdapter()
android.support.v4.view.ViewPager: void setOnAdapterChangeListener(android.support.v4.view.ViewPager$OnAdapterChangeListener)
android.support.v4.view.ViewPager: int getClientWidth()
android.support.v4.view.ViewPager: void setCurrentItem(int)
android.support.v4.view.ViewPager: int getCurrentItem()
android.support.v4.view.ViewPager: void setOnPageChangeListener(android.support.v4.view.ViewPager$OnPageChangeListener)
android.support.v4.view.ViewPager: void setChildrenDrawingOrderEnabledCompat(boolean)
android.support.v4.view.ViewPager: int getOffscreenPageLimit()
android.support.v4.view.ViewPager: void setOffscreenPageLimit(int)
android.support.v4.view.ViewPager: void setPageMargin(int)
android.support.v4.view.ViewPager: int getPageMargin()
android.support.v4.view.ViewPager: void setPageMarginDrawable(android.graphics.drawable.Drawable)
android.support.v4.view.ViewPager: void setPageMarginDrawable(int)
android.support.v4.view.ViewPager: void setScrollingCacheEnabled(boolean)
android.support.v4.view.ViewPager$SavedState
android.support.v4.view.ViewPager$SavedState: android.os.Parcelable$Creator CREATOR
android.support.v4.widget.DrawerLayout: void setScrimColor(int)
android.support.v4.widget.DrawerLayout: void setDrawerListener(android.support.v4.widget.DrawerLayout$DrawerListener)
android.support.v4.widget.DrawerLayout: void setDrawerLockMode(int)
android.support.v4.widget.DrawerLayout$SavedState
android.support.v4.widget.DrawerLayout$SavedState: android.os.Parcelable$Creator CREATOR