proguard/mapping.txt
com.rong360.creditassitant.Application -> com.rong360.creditassitant.Application:
    void onCreate() -> onCreate
    void onAppStart() -> a
    void removePreference() -> b
com.rong360.creditassitant.R -> com.rong360.creditassitant.a:
com.rong360.creditassitant.R$styleable -> com.rong360.creditassitant.b:
    int[] AbstractWheelView -> AbstractWheelView
    int AbstractWheelView_isAllVisible -> AbstractWheelView_isAllVisible
    int AbstractWheelView_isCyclic -> AbstractWheelView_isCyclic
    int AbstractWheelView_itemOffsetPercent -> AbstractWheelView_itemOffsetPercent
    int AbstractWheelView_itemsDimmedAlpha -> AbstractWheelView_itemsDimmedAlpha
    int AbstractWheelView_itemsPadding -> AbstractWheelView_itemsPadding
    int AbstractWheelView_selectionDivider -> AbstractWheelView_selectionDivider
    int AbstractWheelView_selectionDividerActiveAlpha -> AbstractWheelView_selectionDividerActiveAlpha
    int AbstractWheelView_selectionDividerDimmedAlpha -> AbstractWheelView_selectionDividerDimmedAlpha
    int AbstractWheelView_visibleItems -> AbstractWheelView_visibleItems
    int[] WheelVerticalView -> WheelVerticalView
    int WheelVerticalView_selectionDividerHeight -> WheelVerticalView_selectionDividerHeight
com.rong360.creditassitant.activity.AddCustomerActivity -> com.rong360.creditassitant.activity.AddCustomerActivity:
    com.rong360.creditassitant.widget.MySrollview mySrollview -> a
    android.widget.RelativeLayout rlName -> b
    android.widget.RelativeLayout rlTel -> c
    android.widget.RelativeLayout rlLoan -> d
    android.widget.RelativeLayout rlSource -> e
    android.widget.RelativeLayout rlProgress -> f
    android.widget.RelativeLayout rlAlarm -> g
    android.widget.RelativeLayout rlComment -> h
    android.widget.RelativeLayout rlBank -> i
    android.widget.RelativeLayout rlCash -> j
    android.widget.RelativeLayout rlId -> k
    android.widget.RelativeLayout rlCreditRecord -> l
    android.widget.RelativeLayout rlCar -> m
    android.widget.RelativeLayout rlHouse -> n
    android.widget.EditText etName -> o
    android.widget.EditText etTel -> p
    android.widget.EditText etLoan -> q
    android.widget.TextView tvSource -> r
    android.widget.TextView tvProgress -> s
    android.widget.TextView tvAlarm -> t
    android.widget.EditText etComment -> u
    android.widget.TextView tvBank -> v
    android.widget.TextView tvCash -> w
    android.widget.TextView tvId -> x
    android.widget.TextView tvCreditRecord -> y
    android.widget.TextView tvCar -> z
    android.widget.TextView tvHouse -> A
    android.widget.Button btnDelete -> B
    android.widget.ImageButton ibDelete -> C
    java.util.HashMap mChooseMap -> D
    java.util.HashMap mInputMap -> E
com.rong360.creditassitant.activity.AddCustomerActivity$1 -> com.rong360.creditassitant.activity.a:
    com.rong360.creditassitant.activity.AddCustomerActivity this$0 -> a
    void onTimePicked(java.lang.String,java.util.Calendar) -> a
com.rong360.creditassitant.activity.AddSourceActivity -> com.rong360.creditassitant.activity.AddSourceActivity:
    android.widget.EditText etSource -> a
    java.util.ArrayList mSources -> b
    com.rong360.creditassitant.util.PreferenceHelper mHelper -> c
    void onCreate(android.os.Bundle) -> onCreate
    boolean onCreateOptionsMenu(android.view.Menu) -> onCreateOptionsMenu
    boolean onOptionsItemSelected(android.view.MenuItem) -> onOptionsItemSelected
    void initElements() -> a
    int getLayout() -> b
...
android.support.v4.app.FragmentManagerState -> android.support.v4.app.FragmentManagerState:
    android.support.v4.app.FragmentState[] mActive -> a
    int[] mAdded -> b
    android.support.v4.app.BackStackState[] mBackStack -> c
    android.os.Parcelable$Creator CREATOR -> CREATOR
    int describeContents() -> describeContents
    void writeToParcel(android.os.Parcel,int) -> writeToParcel
android.support.v4.app.FragmentManagerState$1 -> android.support.v4.app.s:
    android.support.v4.app.FragmentManagerState createFromParcel(android.os.Parcel) -> a
    android.support.v4.app.FragmentManagerState[] newArray(int) -> a
    java.lang.Object[] newArray(int) -> newArray
    java.lang.Object createFromParcel(android.os.Parcel) -> createFromParcel
android.support.v4.app.FragmentState -> android.support.v4.app.FragmentState:
    java.lang.String mClassName -> a
    int mIndex -> b
    boolean mFromLayout -> c
    int mFragmentId -> d
    int mContainerId -> e
    java.lang.String mTag -> f
    boolean mRetainInstance -> g
    boolean mDetached -> h
    android.os.Bundle mArguments -> i
    android.os.Bundle mSavedFragmentState -> j
    android.support.v4.app.Fragment mInstance -> k
    android.os.Parcelable$Creator CREATOR -> CREATOR
    android.support.v4.app.Fragment instantiate(android.support.v4.app.FragmentActivity,android.support.v4.app.Fragment) -> a
    int describeContents() -> describeContents
    void writeToParcel(android.os.Parcel,int) -> writeToParcel
android.support.v4.app.FragmentState$1 -> android.support.v4.app.t:
    android.support.v4.app.FragmentState createFromParcel(android.os.Parcel) -> a
    android.support.v4.app.FragmentState[] newArray(int) -> a
    java.lang.Object[] newArray(int) -> newArray
    java.lang.Object createFromParcel(android.os.Parcel) -> createFromParcel
android.support.v4.app.FragmentTabHost -> android.support.v4.app.FragmentTabHost:
    java.util.ArrayList mTabs -> a
    android.content.Context mContext -> b
    android.support.v4.app.FragmentManager mFragmentManager -> c
    int mContainerId -> d
    android.widget.TabHost$OnTabChangeListener mOnTabChangeListener -> e
    android.support.v4.app.FragmentTabHost$TabInfo mLastTab -> f
    boolean mAttached -> g
    void setup() -> setup
    void setOnTabChangedListener(android.widget.TabHost$OnTabChangeListener) -> setOnTabChangedListener
    void onAttachedToWindow() -> onAttachedToWindow
    void onDetachedFromWindow() -> onDetachedFromWindow
    android.os.Parcelable onSaveInstanceState() -> onSaveInstanceState
    void onRestoreInstanceState(android.os.Parcelable) -> onRestoreInstanceState
    void onTabChanged(java.lang.String) -> onTabChanged
    android.support.v4.app.FragmentTransaction doTabChanged(java.lang.String,android.support.v4.app.FragmentTransaction) -> a
android.support.v4.app.FragmentTabHost$1 -> android.support.v4.app.u:
android.support.v4.app.FragmentTabHost$SavedState -> android.support.v4.app.FragmentTabHost$SavedState:
    java.lang.String curTab -> a
    android.os.Parcelable$Creator CREATOR -> CREATOR
    void writeToParcel(android.os.Parcel,int) -> writeToParcel
    java.lang.String toString() -> toString
android.support.v4.app.FragmentTabHost$SavedState$1 -> android.support.v4.app.v:
    android.support.v4.app.FragmentTabHost$SavedState createFromParcel(android.os.Parcel) -> a
    android.support.v4.app.FragmentTabHost$SavedState[] newArray(int) -> a
    java.lang.Object[] newArray(int) -> newArray
    java.lang.Object createFromParcel(android.os.Parcel) -> createFromParcel