proguard/usage.txt
com.rong360.creditassitant.Application:
    private static final java.lang.String TAG
com.rong360.creditassitant.BuildConfig
com.rong360.creditassitant.Manifest
com.rong360.creditassitant.Manifest$permission
com.rong360.creditassitant.R:
    10:10:public R()
com.rong360.creditassitant.R$anim
com.rong360.creditassitant.R$array
com.rong360.creditassitant.R$attr
com.rong360.creditassitant.R$color
com.rong360.creditassitant.R$drawable
com.rong360.creditassitant.R$id
com.rong360.creditassitant.R$layout
com.rong360.creditassitant.R$raw
com.rong360.creditassitant.R$string
com.rong360.creditassitant.R$style
com.rong360.creditassitant.R$styleable:
    682:682:public R$styleable()
com.rong360.creditassitant.activity.AddCustomerActivity:
    private static final java.lang.String TAG
    private static final int REQUEST_CODE
    private static final java.lang.String phoneCharacters
    public static final java.lang.String EXTRA_CUSTOMER_ID
    public static final java.lang.String EXTRA_TEL
    public static final int MAX_NAME_LENGTH
    private static final int MAX_TEL_LENGTH
com.rong360.creditassitant.activity.AddSourceActivity:
    public static final java.lang.String PRE_KEY_SOURCES
com.rong360.creditassitant.activity.AdvancedFilterActiviy:
    public static final java.lang.String EXTRA_QUERY
    private static final java.lang.String TAG
com.rong360.creditassitant.activity.AdvancedFilterActiviy$QueryIndexer
com.rong360.creditassitant.activity.AfterPhoneActivity:
    private static final java.lang.String PRE_KEY_SERIAL
com.rong360.creditassitant.activity.AlarmActivity:
    public static final java.lang.String EXTRA_IDS
    private static final java.lang.String TAG
    private static final int LAYOUT_SINGLE
    private static final int LAYOUT_MORE
com.rong360.creditassitant.activity.AuthCodeActivity:
    private static final java.lang.String TAG
    public static final java.lang.String EXTRA_AUTH_CODE
    public static final java.lang.String EXTRA_TEL
    public static final java.lang.String EXTRA_PASS
    public static final java.lang.String EXTRA_IS_FORGET
com.rong360.creditassitant.activity.AuthorisePartnerActivity:
    protected static final java.lang.String TAG
    public static final java.lang.String PRE_KEY_LAST_SYNC
com.rong360.creditassitant.activity.BaseActionBar:
    public static final java.lang.String CANCEL_TITLE
    86:86:protected android.widget.RelativeLayout getMContainer()
com.rong360.creditassitant.activity.BaseFragment:
    private static final java.lang.String TAG
    public static final java.lang.String EXTRA_TITLE
    public static final java.lang.String EXTRA_LAYOUT
    public static final java.lang.String EXTRA_SHOW_AS_BACK
    public static final java.lang.String EXTRA_SHOW_AS_HOME
    private int mLayout
    147:148:public void setLayout(int)
    180:188:public com.rong360.creditassitant.widget.TitleBarLeft getSupportActionBarLeft()
    192:192:public android.view.View getMView()
    197:197:public android.view.View getMContainer()
com.rong360.creditassitant.activity.BaseFragmentActivity
com.rong360.creditassitant.activity.BaseTabHost:
    private static final java.lang.String TAG
    public static final java.lang.String EXTRA_INDEX_TAG
    public static final java.lang.String EXTRA_SUB_INDEX_TAG
    protected android.app.Dialog mDialog
    49:52:protected void dismissDialog()
    99:99:public com.rong360.creditassitant.activity.BaseTabHost$TabManager getTabManager()
    103:104:public void refreshCurrentTab()
    136:136:public com.rong360.creditassitant.activity.BaseTabHost$TabInfo getCurrentTabInfo()
com.rong360.creditassitant.activity.BaseTabHost$TabInfo:
    252:252:public android.support.v4.app.Fragment getFragment(java.lang.Class)
com.rong360.creditassitant.activity.BaseTabHost$TabManager:
    private static final java.lang.String TAG
    381:381:public com.rong360.creditassitant.activity.BaseTabHost$TabInfo getCurentTab()
...
android.support.v4.content.IntentCompat
android.support.v4.content.IntentCompat$IntentCompatImpl
android.support.v4.content.IntentCompat$IntentCompatImplBase
android.support.v4.content.IntentCompat$IntentCompatImplHC
android.support.v4.content.IntentCompat$IntentCompatImplIcsMr1
android.support.v4.content.IntentCompatHoneycomb
android.support.v4.content.IntentCompatIcsMr1
android.support.v4.content.Loader:
    android.content.Context mContext
    90:92:public Loader(android.content.Context)
    102:105:public void deliverResult(java.lang.Object)
    111:111:public android.content.Context getContext()
    118:118:public int getId()
    157:157:public boolean isStarted()
    166:166:public boolean isAbandoned()
    175:175:public boolean isReset()
    217:218:public void forceLoad()
    225:225:protected void onForceLoad()
    261:263:public void abandon()
    275:275:protected void onAbandon()
    312:314:public boolean takeContentChanged()
    326:334:public void onContentChanged()
android.support.v4.content.Loader$ForceLoadContentObserver
android.support.v4.content.Loader$OnLoadCompleteListener:
    public abstract void onLoadComplete(android.support.v4.content.Loader,java.lang.Object)
android.support.v4.content.LocalBroadcastManager
android.support.v4.content.LocalBroadcastManager$1
android.support.v4.content.LocalBroadcastManager$BroadcastRecord
android.support.v4.content.LocalBroadcastManager$ReceiverRecord
android.support.v4.content.ModernAsyncTask
android.support.v4.content.ModernAsyncTask$1
android.support.v4.content.ModernAsyncTask$2
android.support.v4.content.ModernAsyncTask$3
android.support.v4.content.ModernAsyncTask$4
android.support.v4.content.ModernAsyncTask$AsyncTaskResult
android.support.v4.content.ModernAsyncTask$InternalHandler
android.support.v4.content.ModernAsyncTask$Status
android.support.v4.content.ModernAsyncTask$WorkerRunnable
android.support.v4.content.pm.ActivityInfoCompat
android.support.v4.database.DatabaseUtilsCompat
android.support.v4.net.ConnectivityManagerCompat
android.support.v4.net.ConnectivityManagerCompat$BaseConnectivityManagerCompatImpl
android.support.v4.net.ConnectivityManagerCompat$ConnectivityManagerCompatImpl
android.support.v4.net.ConnectivityManagerCompat$GingerbreadConnectivityManagerCompatImpl
android.support.v4.net.ConnectivityManagerCompat$HoneycombMR2ConnectivityManagerCompatImpl
android.support.v4.net.ConnectivityManagerCompat$JellyBeanConnectivityManagerCompatImpl
android.support.v4.net.ConnectivityManagerCompatGingerbread
android.support.v4.net.ConnectivityManagerCompatHoneycombMR2
android.support.v4.net.ConnectivityManagerCompatJellyBean
android.support.v4.net.TrafficStatsCompat
android.support.v4.net.TrafficStatsCompat$1
android.support.v4.net.TrafficStatsCompat$BaseTrafficStatsCompatImpl
android.support.v4.net.TrafficStatsCompat$BaseTrafficStatsCompatImpl$1
android.support.v4.net.TrafficStatsCompat$BaseTrafficStatsCompatImpl$SocketTags
android.support.v4.net.TrafficStatsCompat$IcsTrafficStatsCompatImpl
android.support.v4.net.TrafficStatsCompat$TrafficStatsCompatImpl
android.support.v4.net.TrafficStatsCompatIcs
android.support.v4.os.ParcelableCompat:
    26:42:public ParcelableCompat()
android.support.v4.os.ParcelableCompatCreatorHoneycombMR2Stub:
    22:22:ParcelableCompatCreatorHoneycombMR2Stub()
android.support.v4.util.AtomicFile
android.support.v4.util.DebugUtils:
    25:25:public DebugUtils()
android.support.v4.util.LongSparseArray
android.support.v4.util.LruCache